<?xml version="1.0" encoding="UTF-8"?>
<testsuite name="ClientRegisterTest" tests="1" skipped="0" failures="0" errors="0" timestamp="2021-11-03T11:19:29" hostname="DESKTOP-5NPG1UR" time="0.014">
  <properties/>
  <testcase name="allClients()" classname="ClientRegisterTest" time="0.014"/>
  <system-out><![CDATA[]]></system-out>
  <system-err><![CDATA[]]></system-err>
</testsuite>
